<?xml version="1.0" encoding="UTF-8"?>
<testng-results skipped="0" failed="0" ignored="0" total="2" passed="2">
  <reporter-output>
  </reporter-output>
  <suite name="Suite" duration-ms="12600" started-at="2021-07-28T12:37:44 AEST" finished-at="2021-07-28T12:37:56 AEST">
    <groups>
      <group name="cucumber">
        <method signature="AbstractTestNGCucumberTests.runScenario(io.cucumber.testng.PickleWrapper, io.cucumber.testng.FeatureWrapper)[pri:0, instance:CukeRunner.cukeRunner@305fd85d]" name="runScenario" class="io.cucumber.testng.AbstractTestNGCucumberTests"/>
        <method signature="AbstractTestNGCucumberTests.runScenario(io.cucumber.testng.PickleWrapper, io.cucumber.testng.FeatureWrapper)[pri:0, instance:CukeRunner.cukeRunner2@37d31475]" name="runScenario" class="io.cucumber.testng.AbstractTestNGCucumberTests"/>
      </group> <!-- cucumber -->
    </groups>
    <test name="TestOne" duration-ms="12600" started-at="2021-07-28T12:37:44 AEST" finished-at="2021-07-28T12:37:56 AEST">
      <class name="CukeRunner.cukeRunner2">
        <test-method status="PASS" signature="setUpClass()[pri:0, instance:CukeRunner.cukeRunner2@37d31475]" name="setUpClass" is-config="true" duration-ms="2301" started-at="2021-07-28T12:37:44 AEST" finished-at="2021-07-28T12:37:46 AEST">
          <reporter-output>
          </reporter-output>
        </test-method> <!-- setUpClass -->
        <test-method status="PASS" signature="runScenario(io.cucumber.testng.PickleWrapper, io.cucumber.testng.FeatureWrapper)[pri:0, instance:CukeRunner.cukeRunner2@37d31475]" name="runScenario" duration-ms="9017" started-at="2021-07-28T12:37:46 AEST" description="Runs Cucumber Scenarios" data-provider="scenarios" finished-at="2021-07-28T12:37:55 AEST">
          <params>
            <param index="0">
              <value>
                <![CDATA["Access Token Generation"]]>
              </value>
            </param>
            <param index="1">
              <value>
                <![CDATA["Optional[Verification of Create User API]"]]>
              </value>
            </param>
          </params>
          <reporter-output>
          </reporter-output>
        </test-method> <!-- runScenario -->
        <test-method status="PASS" signature="tearDownClass()[pri:0, instance:CukeRunner.cukeRunner2@37d31475]" name="tearDownClass" is-config="true" duration-ms="1177" started-at="2021-07-28T12:37:55 AEST" finished-at="2021-07-28T12:37:56 AEST">
          <reporter-output>
          </reporter-output>
        </test-method> <!-- tearDownClass -->
      </class> <!-- CukeRunner.cukeRunner2 -->
    </test> <!-- TestOne -->
    <test name="Test" duration-ms="12600" started-at="2021-07-28T12:37:44 AEST" finished-at="2021-07-28T12:37:56 AEST">
      <class name="CukeRunner.cukeRunner">
        <test-method status="PASS" signature="setUpClass()[pri:0, instance:CukeRunner.cukeRunner@305fd85d]" name="setUpClass" is-config="true" duration-ms="2301" started-at="2021-07-28T12:37:44 AEST" finished-at="2021-07-28T12:37:46 AEST">
          <reporter-output>
          </reporter-output>
        </test-method> <!-- setUpClass -->
        <test-method status="PASS" signature="runScenario(io.cucumber.testng.PickleWrapper, io.cucumber.testng.FeatureWrapper)[pri:0, instance:CukeRunner.cukeRunner@305fd85d]" name="runScenario" duration-ms="8941" started-at="2021-07-28T12:37:46 AEST" description="Runs Cucumber Scenarios" data-provider="scenarios" finished-at="2021-07-28T12:37:55 AEST">
          <params>
            <param index="0">
              <value>
                <![CDATA["Access Token Generation"]]>
              </value>
            </param>
            <param index="1">
              <value>
                <![CDATA["Optional[Verification of Create User API]"]]>
              </value>
            </param>
          </params>
          <reporter-output>
          </reporter-output>
        </test-method> <!-- runScenario -->
        <test-method status="PASS" signature="tearDownClass()[pri:0, instance:CukeRunner.cukeRunner@305fd85d]" name="tearDownClass" is-config="true" duration-ms="1249" started-at="2021-07-28T12:37:55 AEST" finished-at="2021-07-28T12:37:56 AEST">
          <reporter-output>
          </reporter-output>
        </test-method> <!-- tearDownClass -->
      </class> <!-- CukeRunner.cukeRunner -->
    </test> <!-- Test -->
  </suite> <!-- Suite -->
</testng-results>
