<?xml version="1.0" encoding="UTF-8"?>
<testng-results skipped="0" failed="0" ignored="0" total="1" passed="1">
  <reporter-output>
  </reporter-output>
  <suite name="Suite" duration-ms="11154" started-at="2021-07-28T00:06:22 AEST" finished-at="2021-07-28T00:06:34 AEST">
    <groups>
      <group name="cucumber">
        <method signature="AbstractTestNGCucumberTests.runScenario(io.cucumber.testng.PickleWrapper, io.cucumber.testng.FeatureWrapper)[pri:0, instance:CukeRunner.cukeRunner@77846d2c]" name="runScenario" class="io.cucumber.testng.AbstractTestNGCucumberTests"/>
      </group> <!-- cucumber -->
    </groups>
    <test name="Test" duration-ms="11154" started-at="2021-07-28T00:06:22 AEST" finished-at="2021-07-28T00:06:34 AEST">
      <class name="CukeRunner.cukeRunner">
        <test-method status="PASS" signature="setUpClass()[pri:0, instance:CukeRunner.cukeRunner@77846d2c]" name="setUpClass" is-config="true" duration-ms="1317" started-at="2021-07-28T00:06:22 AEST" finished-at="2021-07-28T00:06:24 AEST">
          <reporter-output>
          </reporter-output>
        </test-method> <!-- setUpClass -->
        <test-method status="PASS" signature="runScenario(io.cucumber.testng.PickleWrapper, io.cucumber.testng.FeatureWrapper)[pri:0, instance:CukeRunner.cukeRunner@77846d2c]" name="runScenario" duration-ms="9481" started-at="2021-07-28T00:06:24 AEST" description="Runs Cucumber Scenarios" data-provider="scenarios" finished-at="2021-07-28T00:06:33 AEST">
          <params>
            <param index="0">
              <value>
                <![CDATA["Access Token Generation"]]>
              </value>
            </param>
            <param index="1">
              <value>
                <![CDATA["Optional[Verification of Create User API]"]]>
              </value>
            </param>
          </params>
          <reporter-output>
          </reporter-output>
        </test-method> <!-- runScenario -->
        <test-method status="PASS" signature="tearDownClass()[pri:0, instance:CukeRunner.cukeRunner@77846d2c]" name="tearDownClass" is-config="true" duration-ms="253" started-at="2021-07-28T00:06:33 AEST" finished-at="2021-07-28T00:06:34 AEST">
          <reporter-output>
          </reporter-output>
        </test-method> <!-- tearDownClass -->
      </class> <!-- CukeRunner.cukeRunner -->
    </test> <!-- Test -->
  </suite> <!-- Suite -->
</testng-results>
